<?xml version="1.0" encoding="UTF-8"?>
<!-- Generated by org.testng.reporters.JUnitReportReporter -->
<testsuite skipped="0" hostname="RamRaksha-PC" name="com.advancedreports.extReportTestNG" tests="1" failures="0" timestamp="03 Sep 2021 07:47:26 GMT" time="1.321" errors="0">
  <testcase name="test" time="1.321" classname="com.advancedreports.extReportTestNG"/>
</testsuite> <!-- com.advancedreports.extReportTestNG -->
